Dentista/app/build/intermediates/manifest_merge_blame_file/debug/manifest-merger-blame-debug-report.txt
1<?xml version="1.0" encoding="utf-8"?>
2<manifest xmlns:android="http://schemas.android.com/apk/res/android"
3    package="com.kids.teeth.dentista"
4    android:versionCode="1"
5    android:versionName="1.0" >
6
7    <uses-sdk
8        android:minSdkVersion="29"
8-->src/main/AndroidManifest.xml
9        android:targetSdkVersion="33" />
9-->src/main/AndroidManifest.xml
10
11    <uses-permission android:name="android.permission.INTERNET" />
11-->src/main/AndroidManifest.xml:5:5-67
11-->src/main/AndroidManifest.xml:5:22-64
12    <uses-permission android:name="android.permission.ACCESS_NETWORK_STATE" />
12-->src/main/AndroidManifest.xml:6:5-79
12-->src/main/AndroidManifest.xml:6:22-76
13
14    <uses-feature android:name="android.hardware.camera.any" />
14-->src/main/AndroidManifest.xml:7:5-64
14-->src/main/AndroidManifest.xml:7:19-61
15
16    <uses-permission android:name="android.permission.CAMERA" />
16-->src/main/AndroidManifest.xml:8:5-65
16-->src/main/AndroidManifest.xml:8:22-62
17    <uses-permission android:name="android.permission.ACCESS_COARSE_LOCATION" />
17-->src/main/AndroidManifest.xml:11:5-81
17-->src/main/AndroidManifest.xml:11:22-78
18    <uses-permission android:name="android.permission.ACCESS_FINE_LOCATION" />
18-->src/main/AndroidManifest.xml:12:5-79
18-->src/main/AndroidManifest.xml:12:22-76
19
20    <uses-feature
20-->[com.google.android.gms:play-services-maps:17.0.0] AndroidManifest.xml:26:5-28:35
21        android:glEsVersion="0x00020000"
21-->[com.google.android.gms:play-services-maps:17.0.0] AndroidManifest.xml:27:9-41
22        android:required="true" />
22-->[com.google.android.gms:play-services-maps:17.0.0] AndroidManifest.xml:28:9-32
23
24    <uses-permission android:name="android.permission.POST_NOTIFICATIONS" />
24-->[com.google.firebase:firebase-messaging:23.1.2] AndroidManifest.xml:25:5-77
24-->[com.google.firebase:firebase-messaging:23.1.2] AndroidManifest.xml:25:22-74
25    <uses-permission android:name="android.permission.WAKE_LOCK" /> <!-- Required by older versions of Google Play services to create IID tokens -->
25-->[com.google.firebase:firebase-messaging:23.1.2] AndroidManifest.xml:26:5-68
25-->[com.google.firebase:firebase-messaging:23.1.2] AndroidManifest.xml:26:22-65
26    <uses-permission android:name="com.google.android.c2dm.permission.RECEIVE" />
26-->[com.google.firebase:firebase-messaging:23.1.2] AndroidManifest.xml:28:5-82
26-->[com.google.firebase:firebase-messaging:23.1.2] AndroidManifest.xml:28:22-79
27    <uses-permission android:name="com.google.android.gms.permission.AD_ID" />
27-->[com.google.android.gms:play-services-measurement-api:21.2.2] AndroidManifest.xml:25:5-79
27-->[com.google.android.gms:play-services-measurement-api:21.2.2] AndroidManifest.xml:25:22-76
28    <uses-permission android:name="com.google.android.finsky.permission.BIND_GET_INSTALL_REFERRER_SERVICE" />
28-->[com.google.android.gms:play-services-measurement:21.2.2] AndroidManifest.xml:26:5-110
28-->[com.google.android.gms:play-services-measurement:21.2.2] AndroidManifest.xml:26:22-107
29
30    <permission
30-->[androidx.core:core:1.9.0] AndroidManifest.xml:22:5-24:47
31        android:name="com.kids.teeth.dentista.DYNAMIC_RECEIVER_NOT_EXPORTED_PERMISSION"
31-->[androidx.core:core:1.9.0] AndroidManifest.xml:23:9-81
32        android:protectionLevel="signature" />
32-->[androidx.core:core:1.9.0] AndroidManifest.xml:24:9-44
33
34    <uses-permission android:name="com.kids.teeth.dentista.DYNAMIC_RECEIVER_NOT_EXPORTED_PERMISSION" />
34-->[androidx.core:core:1.9.0] AndroidManifest.xml:26:5-97
34-->[androidx.core:core:1.9.0] AndroidManifest.xml:26:22-94
35
36    <application
36-->src/main/AndroidManifest.xml:13:5-51:19
37        android:allowBackup="true"
37-->src/main/AndroidManifest.xml:14:9-35
38        android:appComponentFactory="androidx.core.app.CoreComponentFactory"
38-->[androidx.core:core:1.9.0] AndroidManifest.xml:28:18-86
39        android:dataExtractionRules="@xml/data_extraction_rules"
39-->src/main/AndroidManifest.xml:15:9-65
40        android:debuggable="true"
41        android:extractNativeLibs="false"
42        android:fullBackupContent="@xml/backup_rules"
42-->src/main/AndroidManifest.xml:16:9-54
43        android:icon="@mipmap/ic_launcher"
43-->src/main/AndroidManifest.xml:17:9-43
44        android:label="@string/app_name"
44-->src/main/AndroidManifest.xml:18:9-41
45        android:supportsRtl="true"
45-->src/main/AndroidManifest.xml:19:9-35
46        android:testOnly="true"
47        android:theme="@style/Theme.Dentista" >
47-->src/main/AndroidManifest.xml:20:9-46
48        <activity
48-->src/main/AndroidManifest.xml:22:9-30:20
49            android:name="com.kids.teeth.dentista.activity.SignInActivity"
49-->src/main/AndroidManifest.xml:23:13-52
50            android:exported="true" >
50-->src/main/AndroidManifest.xml:24:13-36
51            <intent-filter>
51-->src/main/AndroidManifest.xml:25:13-29:29
52                <action android:name="android.intent.action.MAIN" />
52-->src/main/AndroidManifest.xml:26:17-69
52-->src/main/AndroidManifest.xml:26:25-66
53
54                <category android:name="android.intent.category.LAUNCHER" />
54-->src/main/AndroidManifest.xml:28:17-77
54-->src/main/AndroidManifest.xml:28:27-74
55            </intent-filter>
56        </activity>
57
58        <meta-data
58-->src/main/AndroidManifest.xml:31:9-33:53
59            android:name="com.google.firebase.messaging.default_notification_icon"
59-->src/main/AndroidManifest.xml:32:13-83
60            android:resource="@drawable/ic_check" />
60-->src/main/AndroidManifest.xml:33:13-50
61        <meta-data
61-->src/main/AndroidManifest.xml:35:9-37:50
62            android:name="com.google.firebase.messaging.default_notification_color"
62-->src/main/AndroidManifest.xml:36:13-84
63            android:resource="@color/teal_200" />
63-->src/main/AndroidManifest.xml:37:13-47
64        <meta-data
65            android:name="com.google.android.geo.API_KEY"
65-->src/main/AndroidManifest.xml:40:13-58
66            android:value="AIzaSyBlJmuSpRikuESHGHaXS4EX4yPM-ZfMw0o" />
66-->src/main/AndroidManifest.xml:41:13-51
67
68        <service
68-->src/main/AndroidManifest.xml:43:9-49:19
69            android:name="com.kids.teeth.dentista.messaging.DefaultMessageService"
69-->src/main/AndroidManifest.xml:44:13-60
70            android:exported="false" >
70-->src/main/AndroidManifest.xml:45:13-37
71            <intent-filter>
71-->src/main/AndroidManifest.xml:46:13-48:29
72                <action android:name="com.google.firebase.MESSAGING_EVENT" />
72-->src/main/AndroidManifest.xml:47:17-78
72-->src/main/AndroidManifest.xml:47:25-75
73            </intent-filter>
74        </service>
75        <service
75-->[com.google.firebase:firebase-functions-ktx:20.3.0] AndroidManifest.xml:11:9-17:19
76            android:name="com.google.firebase.components.ComponentDiscoveryService"
76-->[com.google.firebase:firebase-functions-ktx:20.3.0] AndroidManifest.xml:12:13-84
77            android:directBootAware="true"
77-->[com.google.firebase:firebase-common:20.3.2] AndroidManifest.xml:34:13-43
78            android:exported="false" >
78-->[com.google.firebase:firebase-functions-ktx:20.3.0] AndroidManifest.xml:13:13-37
79            <meta-data
79-->[com.google.firebase:firebase-functions-ktx:20.3.0] AndroidManifest.xml:14:13-16:85
80                android:name="com.google.firebase.components:com.google.firebase.functions.ktx.FirebaseFunctionsKtxRegistrar"
80-->[com.google.firebase:firebase-functions-ktx:20.3.0] AndroidManifest.xml:15:17-126
81                android:value="com.google.firebase.components.ComponentRegistrar" />
81-->[com.google.firebase:firebase-functions-ktx:20.3.0] AndroidManifest.xml:16:17-82
82            <meta-data
82-->[com.google.firebase:firebase-storage-ktx:20.2.0] AndroidManifest.xml:14:13-16:85
83                android:name="com.google.firebase.components:com.google.firebase.storage.ktx.FirebaseStorageKtxRegistrar"
83-->[com.google.firebase:firebase-storage-ktx:20.2.0] AndroidManifest.xml:15:17-122
84                android:value="com.google.firebase.components.ComponentRegistrar" />
84-->[com.google.firebase:firebase-storage-ktx:20.2.0] AndroidManifest.xml:16:17-82
85            <meta-data
85-->[com.google.firebase:firebase-analytics-ktx:21.2.2] AndroidManifest.xml:11:13-13:85
86                android:name="com.google.firebase.components:com.google.firebase.analytics.ktx.FirebaseAnalyticsKtxRegistrar"
86-->[com.google.firebase:firebase-analytics-ktx:21.2.2] AndroidManifest.xml:12:17-126
87                android:value="com.google.firebase.components.ComponentRegistrar" />
87-->[com.google.firebase:firebase-analytics-ktx:21.2.2] AndroidManifest.xml:13:17-82
88            <meta-data
88-->[com.google.firebase:firebase-firestore-ktx:24.6.0] AndroidManifest.xml:14:13-16:85
89                android:name="com.google.firebase.components:com.google.firebase.firestore.ktx.FirebaseFirestoreKtxRegistrar"
89-->[com.google.firebase:firebase-firestore-ktx:24.6.0] AndroidManifest.xml:15:17-126
90                android:value="com.google.firebase.components.ComponentRegistrar" />
90-->[com.google.firebase:firebase-firestore-ktx:24.6.0] AndroidManifest.xml:16:17-82
91            <meta-data
91-->[com.google.firebase:firebase-auth-ktx:22.0.0] AndroidManifest.xml:11:13-13:85
92                android:name="com.google.firebase.components:com.google.firebase.auth.ktx.FirebaseAuthKtxRegistrar"
92-->[com.google.firebase:firebase-auth-ktx:22.0.0] AndroidManifest.xml:12:17-116
93                android:value="com.google.firebase.components.ComponentRegistrar" />
93-->[com.google.firebase:firebase-auth-ktx:22.0.0] AndroidManifest.xml:13:17-82
94            <meta-data
94-->[com.google.firebase:firebase-messaging-ktx:23.1.2] AndroidManifest.xml:28:13-30:85
95                android:name="com.google.firebase.components:com.google.firebase.messaging.ktx.FirebaseMessagingKtxRegistrar"
95-->[com.google.firebase:firebase-messaging-ktx:23.1.2] AndroidManifest.xml:29:17-126
96                android:value="com.google.firebase.components.ComponentRegistrar" />
96-->[com.google.firebase:firebase-messaging-ktx:23.1.2] AndroidManifest.xml:30:17-82
97            <meta-data
97-->[com.google.firebase:firebase-common-ktx:20.3.2] AndroidManifest.xml:14:13-16:85
98                android:name="com.google.firebase.components:com.google.firebase.ktx.FirebaseCommonKtxRegistrar"
98-->[com.google.firebase:firebase-common-ktx:20.3.2] AndroidManifest.xml:15:17-113
99                android:value="com.google.firebase.components.ComponentRegistrar" />
99-->[com.google.firebase:firebase-common-ktx:20.3.2] AndroidManifest.xml:16:17-82
100            <meta-data
100-->[com.google.firebase:firebase-auth:22.0.0] AndroidManifest.xml:69:13-71:85
101                android:name="com.google.firebase.components:com.google.firebase.auth.FirebaseAuthRegistrar"
101-->[com.google.firebase:firebase-auth:22.0.0] AndroidManifest.xml:70:17-109
102                android:value="com.google.firebase.components.ComponentRegistrar" />
102-->[com.google.firebase:firebase-auth:22.0.0] AndroidManifest.xml:71:17-82
103            <meta-data
103-->[com.google.firebase:firebase-storage:20.2.0] AndroidManifest.xml:32:13-34:85
104                android:name="com.google.firebase.components:com.google.firebase.storage.StorageRegistrar"
104-->[com.google.firebase:firebase-storage:20.2.0] AndroidManifest.xml:33:17-107
105                android:value="com.google.firebase.components.ComponentRegistrar" />
105-->[com.google.firebase:firebase-storage:20.2.0] AndroidManifest.xml:34:17-82
106            <meta-data
106-->[com.google.firebase:firebase-functions:20.3.0] AndroidManifest.xml:17:13-19:85
107                android:name="com.google.firebase.components:com.google.firebase.functions.FunctionsRegistrar"
107-->[com.google.firebase:firebase-functions:20.3.0] AndroidManifest.xml:18:17-111
108                android:value="com.google.firebase.components.ComponentRegistrar" />
108-->[com.google.firebase:firebase-functions:20.3.0] AndroidManifest.xml:19:17-82
109            <meta-data
109-->[com.google.firebase:firebase-firestore:24.6.0] AndroidManifest.xml:19:13-21:85
110                android:name="com.google.firebase.components:com.google.firebase.firestore.FirestoreRegistrar"
110-->[com.google.firebase:firebase-firestore:24.6.0] AndroidManifest.xml:20:17-111
111                android:value="com.google.firebase.components.ComponentRegistrar" />
111-->[com.google.firebase:firebase-firestore:24.6.0] AndroidManifest.xml:21:17-82
112            <meta-data
112-->[com.google.firebase:firebase-messaging:23.1.2] AndroidManifest.xml:55:13-57:85
113                android:name="com.google.firebase.components:com.google.firebase.messaging.FirebaseMessagingRegistrar"
113-->[com.google.firebase:firebase-messaging:23.1.2] AndroidManifest.xml:56:17-119
114                android:value="com.google.firebase.components.ComponentRegistrar" />
114-->[com.google.firebase:firebase-messaging:23.1.2] AndroidManifest.xml:57:17-82
115            <meta-data
115-->[com.google.android.gms:play-services-measurement-api:21.2.2] AndroidManifest.xml:31:13-33:85
116                android:name="com.google.firebase.components:com.google.firebase.analytics.connector.internal.AnalyticsConnectorRegistrar"
116-->[com.google.android.gms:play-services-measurement-api:21.2.2] AndroidManifest.xml:32:17-139
117                android:value="com.google.firebase.components.ComponentRegistrar" />
117-->[com.google.android.gms:play-services-measurement-api:21.2.2] AndroidManifest.xml:33:17-82
118            <meta-data
118-->[com.google.firebase:firebase-datatransport:18.1.7] AndroidManifest.xml:27:13-29:85
119                android:name="com.google.firebase.components:com.google.firebase.datatransport.TransportRegistrar"
119-->[com.google.firebase:firebase-datatransport:18.1.7] AndroidManifest.xml:28:17-115
120                android:value="com.google.firebase.components.ComponentRegistrar" />
120-->[com.google.firebase:firebase-datatransport:18.1.7] AndroidManifest.xml:29:17-82
121            <meta-data
121-->[com.google.firebase:firebase-iid:21.1.0] AndroidManifest.xml:32:13-34:85
122                android:name="com.google.firebase.components:com.google.firebase.iid.Registrar"
122-->[com.google.firebase:firebase-iid:21.1.0] AndroidManifest.xml:33:17-96
123                android:value="com.google.firebase.components.ComponentRegistrar" />
123-->[com.google.firebase:firebase-iid:21.1.0] AndroidManifest.xml:34:17-82
124            <meta-data
124-->[com.google.firebase:firebase-installations:17.1.3] AndroidManifest.xml:17:13-19:85
125                android:name="com.google.firebase.components:com.google.firebase.installations.FirebaseInstallationsRegistrar"
125-->[com.google.firebase:firebase-installations:17.1.3] AndroidManifest.xml:18:17-127
126                android:value="com.google.firebase.components.ComponentRegistrar" />
126-->[com.google.firebase:firebase-installations:17.1.3] AndroidManifest.xml:19:17-82
127        </service>
128
129        <activity
129-->[com.google.firebase:firebase-auth:22.0.0] AndroidManifest.xml:29:9-46:20
130            android:name="com.google.firebase.auth.internal.GenericIdpActivity"
130-->[com.google.firebase:firebase-auth:22.0.0] AndroidManifest.xml:30:13-80
131            android:excludeFromRecents="true"
131-->[com.google.firebase:firebase-auth:22.0.0] AndroidManifest.xml:31:13-46
132            android:exported="true"
132-->[com.google.firebase:firebase-auth:22.0.0] AndroidManifest.xml:32:13-36
133            android:launchMode="singleTask"
133-->[com.google.firebase:firebase-auth:22.0.0] AndroidManifest.xml:33:13-44
134            android:theme="@android:style/Theme.Translucent.NoTitleBar" >
134-->[com.google.firebase:firebase-auth:22.0.0] AndroidManifest.xml:34:13-72
135            <intent-filter>
135-->[com.google.firebase:firebase-auth:22.0.0] AndroidManifest.xml:35:13-45:29
136                <action android:name="android.intent.action.VIEW" />
136-->[com.google.firebase:firebase-auth:22.0.0] AndroidManifest.xml:36:17-69
136-->[com.google.firebase:firebase-auth:22.0.0] AndroidManifest.xml:36:25-66
137
138                <category android:name="android.intent.category.DEFAULT" />
138-->[com.google.firebase:firebase-auth:22.0.0] AndroidManifest.xml:38:17-76
138-->[com.google.firebase:firebase-auth:22.0.0] AndroidManifest.xml:38:27-73
139                <category android:name="android.intent.category.BROWSABLE" />
139-->[com.google.firebase:firebase-auth:22.0.0] AndroidManifest.xml:39:17-78
139-->[com.google.firebase:firebase-auth:22.0.0] AndroidManifest.xml:39:27-75
140
141                <data
141-->[com.google.firebase:firebase-auth:22.0.0] AndroidManifest.xml:41:17-44:51
142                    android:host="firebase.auth"
142-->[com.google.firebase:firebase-auth:22.0.0] AndroidManifest.xml:42:21-49
143                    android:path="/"
143-->[com.google.firebase:firebase-auth:22.0.0] AndroidManifest.xml:43:21-37
144                    android:scheme="genericidp" />
144-->[com.google.firebase:firebase-auth:22.0.0] AndroidManifest.xml:44:21-48
145            </intent-filter>
146        </activity>
147        <activity
147-->[com.google.firebase:firebase-auth:22.0.0] AndroidManifest.xml:47:9-64:20
148            android:name="com.google.firebase.auth.internal.RecaptchaActivity"
148-->[com.google.firebase:firebase-auth:22.0.0] AndroidManifest.xml:48:13-79
149            android:excludeFromRecents="true"
149-->[com.google.firebase:firebase-auth:22.0.0] AndroidManifest.xml:49:13-46
150            android:exported="true"
150-->[com.google.firebase:firebase-auth:22.0.0] AndroidManifest.xml:50:13-36
151            android:launchMode="singleTask"
151-->[com.google.firebase:firebase-auth:22.0.0] AndroidManifest.xml:51:13-44
152            android:theme="@android:style/Theme.Translucent.NoTitleBar" >
152-->[com.google.firebase:firebase-auth:22.0.0] AndroidManifest.xml:52:13-72
153            <intent-filter>
153-->[com.google.firebase:firebase-auth:22.0.0] AndroidManifest.xml:53:13-63:29
154                <action android:name="android.intent.action.VIEW" />
154-->[com.google.firebase:firebase-auth:22.0.0] AndroidManifest.xml:36:17-69
154-->[com.google.firebase:firebase-auth:22.0.0] AndroidManifest.xml:36:25-66
155
156                <category android:name="android.intent.category.DEFAULT" />
156-->[com.google.firebase:firebase-auth:22.0.0] AndroidManifest.xml:38:17-76
156-->[com.google.firebase:firebase-auth:22.0.0] AndroidManifest.xml:38:27-73
157                <category android:name="android.intent.category.BROWSABLE" />
157-->[com.google.firebase:firebase-auth:22.0.0] AndroidManifest.xml:39:17-78
157-->[com.google.firebase:firebase-auth:22.0.0] AndroidManifest.xml:39:27-75
158
159                <data
159-->[com.google.firebase:firebase-auth:22.0.0] AndroidManifest.xml:41:17-44:51
160                    android:host="firebase.auth"
160-->[com.google.firebase:firebase-auth:22.0.0] AndroidManifest.xml:42:21-49
161                    android:path="/"
161-->[com.google.firebase:firebase-auth:22.0.0] AndroidManifest.xml:43:21-37
162                    android:scheme="recaptcha" />
162-->[com.google.firebase:firebase-auth:22.0.0] AndroidManifest.xml:44:21-48
163            </intent-filter>
164        </activity> <!-- Needs to be explicitly declared on P+ -->
165        <uses-library
165-->[com.google.android.gms:play-services-maps:17.0.0] AndroidManifest.xml:33:9-35:40
166            android:name="org.apache.http.legacy"
166-->[com.google.android.gms:play-services-maps:17.0.0] AndroidManifest.xml:34:13-50
167            android:required="false" />
167-->[com.google.android.gms:play-services-maps:17.0.0] AndroidManifest.xml:35:13-37
168
169        <receiver
169-->[com.google.firebase:firebase-messaging:23.1.2] AndroidManifest.xml:31:9-38:20
170            android:name="com.google.firebase.iid.FirebaseInstanceIdReceiver"
170-->[com.google.firebase:firebase-messaging:23.1.2] AndroidManifest.xml:32:13-78
171            android:exported="true"
171-->[com.google.firebase:firebase-messaging:23.1.2] AndroidManifest.xml:33:13-36
172            android:permission="com.google.android.c2dm.permission.SEND" >
172-->[com.google.firebase:firebase-messaging:23.1.2] AndroidManifest.xml:34:13-73
173            <intent-filter>
173-->[com.google.firebase:firebase-messaging:23.1.2] AndroidManifest.xml:35:13-37:29
174                <action android:name="com.google.android.c2dm.intent.RECEIVE" />
174-->[com.google.firebase:firebase-messaging:23.1.2] AndroidManifest.xml:36:17-81
174-->[com.google.firebase:firebase-messaging:23.1.2] AndroidManifest.xml:36:25-78
175            </intent-filter>
176        </receiver>
177        <!--
178             FirebaseMessagingService performs security checks at runtime,
179             but set to not exported to explicitly avoid allowing another app to call it.
180        -->
181        <service
181-->[com.google.firebase:firebase-messaging:23.1.2] AndroidManifest.xml:44:9-51:19
182            android:name="com.google.firebase.messaging.FirebaseMessagingService"
182-->[com.google.firebase:firebase-messaging:23.1.2] AndroidManifest.xml:45:13-82
183            android:directBootAware="true"
183-->[com.google.firebase:firebase-messaging:23.1.2] AndroidManifest.xml:46:13-43
184            android:exported="false" >
184-->[com.google.firebase:firebase-messaging:23.1.2] AndroidManifest.xml:47:13-37
185            <intent-filter android:priority="-500" >
185-->src/main/AndroidManifest.xml:46:13-48:29
186                <action android:name="com.google.firebase.MESSAGING_EVENT" />
186-->src/main/AndroidManifest.xml:47:17-78
186-->src/main/AndroidManifest.xml:47:25-75
187            </intent-filter>
188        </service>
189
190        <provider
190-->[com.google.firebase:firebase-common:20.3.2] AndroidManifest.xml:25:9-30:39
191            android:name="com.google.firebase.provider.FirebaseInitProvider"
191-->[com.google.firebase:firebase-common:20.3.2] AndroidManifest.xml:26:13-77
192            android:authorities="com.kids.teeth.dentista.firebaseinitprovider"
192-->[com.google.firebase:firebase-common:20.3.2] AndroidManifest.xml:27:13-72
193            android:directBootAware="true"
193-->[com.google.firebase:firebase-common:20.3.2] AndroidManifest.xml:28:13-43
194            android:exported="false"
194-->[com.google.firebase:firebase-common:20.3.2] AndroidManifest.xml:29:13-37
195            android:initOrder="100" />
195-->[com.google.firebase:firebase-common:20.3.2] AndroidManifest.xml:30:13-36
196
197        <activity
197-->[com.google.android.gms:play-services-base:18.1.0] AndroidManifest.xml:20:9-22:45
198            android:name="com.google.android.gms.common.api.GoogleApiActivity"
198-->[com.google.android.gms:play-services-base:18.1.0] AndroidManifest.xml:20:19-85
199            android:exported="false"
199-->[com.google.android.gms:play-services-base:18.1.0] AndroidManifest.xml:22:19-43
200            android:theme="@android:style/Theme.Translucent.NoTitleBar" />
200-->[com.google.android.gms:play-services-base:18.1.0] AndroidManifest.xml:21:19-78
201
202        <receiver
202-->[com.google.android.gms:play-services-measurement:21.2.2] AndroidManifest.xml:29:9-33:20
203            android:name="com.google.android.gms.measurement.AppMeasurementReceiver"
203-->[com.google.android.gms:play-services-measurement:21.2.2] AndroidManifest.xml:30:13-85
204            android:enabled="true"
204-->[com.google.android.gms:play-services-measurement:21.2.2] AndroidManifest.xml:31:13-35
205            android:exported="false" >
205-->[com.google.android.gms:play-services-measurement:21.2.2] AndroidManifest.xml:32:13-37
206        </receiver>
207
208        <service
208-->[com.google.android.gms:play-services-measurement:21.2.2] AndroidManifest.xml:35:9-38:40
209            android:name="com.google.android.gms.measurement.AppMeasurementService"
209-->[com.google.android.gms:play-services-measurement:21.2.2] AndroidManifest.xml:36:13-84
210            android:enabled="true"
210-->[com.google.android.gms:play-services-measurement:21.2.2] AndroidManifest.xml:37:13-35
211            android:exported="false" />
211-->[com.google.android.gms:play-services-measurement:21.2.2] AndroidManifest.xml:38:13-37
212        <service
212-->[com.google.android.gms:play-services-measurement:21.2.2] AndroidManifest.xml:39:9-43:72
213            android:name="com.google.android.gms.measurement.AppMeasurementJobService"
213-->[com.google.android.gms:play-services-measurement:21.2.2] AndroidManifest.xml:40:13-87
214            android:enabled="true"
214-->[com.google.android.gms:play-services-measurement:21.2.2] AndroidManifest.xml:41:13-35
215            android:exported="false"
215-->[com.google.android.gms:play-services-measurement:21.2.2] AndroidManifest.xml:42:13-37
216            android:permission="android.permission.BIND_JOB_SERVICE" />
216-->[com.google.android.gms:play-services-measurement:21.2.2] AndroidManifest.xml:43:13-69
217
218        <meta-data
218-->[com.google.android.gms:play-services-basement:18.1.0] AndroidManifest.xml:21:9-23:69
219            android:name="com.google.android.gms.version"
219-->[com.google.android.gms:play-services-basement:18.1.0] AndroidManifest.xml:22:13-58
220            android:value="@integer/google_play_services_version" />
220-->[com.google.android.gms:play-services-basement:18.1.0] AndroidManifest.xml:23:13-66
221
222        <uses-library
222-->[androidx.window:window:1.0.0] AndroidManifest.xml:25:9-27:40
223            android:name="androidx.window.extensions"
223-->[androidx.window:window:1.0.0] AndroidManifest.xml:26:13-54
224            android:required="false" />
224-->[androidx.window:window:1.0.0] AndroidManifest.xml:27:13-37
225        <uses-library
225-->[androidx.window:window:1.0.0] AndroidManifest.xml:28:9-30:40
226            android:name="androidx.window.sidecar"
226-->[androidx.window:window:1.0.0] AndroidManifest.xml:29:13-51
227            android:required="false" />
227-->[androidx.window:window:1.0.0] AndroidManifest.xml:30:13-37
228
229        <service
229-->[androidx.camera:camera-camera2:1.2.3] AndroidManifest.xml:24:9-33:19
230            android:name="androidx.camera.core.impl.MetadataHolderService"
230-->[androidx.camera:camera-camera2:1.2.3] AndroidManifest.xml:25:13-75
231            android:enabled="false"
231-->[androidx.camera:camera-camera2:1.2.3] AndroidManifest.xml:26:13-36
232            android:exported="false" >
232-->[androidx.camera:camera-camera2:1.2.3] AndroidManifest.xml:27:13-37
233            <meta-data
233-->[androidx.camera:camera-camera2:1.2.3] AndroidManifest.xml:30:13-32:89
234                android:name="androidx.camera.core.impl.MetadataHolderService.DEFAULT_CONFIG_PROVIDER"
234-->[androidx.camera:camera-camera2:1.2.3] AndroidManifest.xml:31:17-103
235                android:value="androidx.camera.camera2.Camera2Config$DefaultProvider" />
235-->[androidx.camera:camera-camera2:1.2.3] AndroidManifest.xml:32:17-86
236        </service>
237
238        <provider
238-->[androidx.emoji2:emoji2:1.2.0] AndroidManifest.xml:24:9-32:20
239            android:name="androidx.startup.InitializationProvider"
239-->[androidx.emoji2:emoji2:1.2.0] AndroidManifest.xml:25:13-67
240            android:authorities="com.kids.teeth.dentista.androidx-startup"
240-->[androidx.emoji2:emoji2:1.2.0] AndroidManifest.xml:26:13-68
241            android:exported="false" >
241-->[androidx.emoji2:emoji2:1.2.0] AndroidManifest.xml:27:13-37
242            <meta-data
242-->[androidx.emoji2:emoji2:1.2.0] AndroidManifest.xml:29:13-31:52
243                android:name="androidx.emoji2.text.EmojiCompatInitializer"
243-->[androidx.emoji2:emoji2:1.2.0] AndroidManifest.xml:30:17-75
244                android:value="androidx.startup" />
244-->[androidx.emoji2:emoji2:1.2.0] AndroidManifest.xml:31:17-49
245            <meta-data
245-->[androidx.lifecycle:lifecycle-process:2.4.1] AndroidManifest.xml:31:13-33:52
246                android:name="androidx.lifecycle.ProcessLifecycleInitializer"
246-->[androidx.lifecycle:lifecycle-process:2.4.1] AndroidManifest.xml:32:17-78
247                android:value="androidx.startup" />
247-->[androidx.lifecycle:lifecycle-process:2.4.1] AndroidManifest.xml:33:17-49
248        </provider>
249
250        <service
250-->[com.google.android.datatransport:transport-backend-cct:3.1.8] AndroidManifest.xml:28:9-34:19
251            android:name="com.google.android.datatransport.runtime.backends.TransportBackendDiscovery"
251-->[com.google.android.datatransport:transport-backend-cct:3.1.8] AndroidManifest.xml:29:13-103
252            android:exported="false" >
252-->[com.google.android.datatransport:transport-backend-cct:3.1.8] AndroidManifest.xml:30:13-37
253            <meta-data
253-->[com.google.android.datatransport:transport-backend-cct:3.1.8] AndroidManifest.xml:31:13-33:39
254                android:name="backend:com.google.android.datatransport.cct.CctBackendFactory"
254-->[com.google.android.datatransport:transport-backend-cct:3.1.8] AndroidManifest.xml:32:17-94
255                android:value="cct" />
255-->[com.google.android.datatransport:transport-backend-cct:3.1.8] AndroidManifest.xml:33:17-36
256        </service>
257        <service
257-->[com.google.android.datatransport:transport-runtime:3.1.8] AndroidManifest.xml:26:9-30:19
258            android:name="com.google.android.datatransport.runtime.scheduling.jobscheduling.JobInfoSchedulerService"
258-->[com.google.android.datatransport:transport-runtime:3.1.8] AndroidManifest.xml:27:13-117
259            android:exported="false"
259-->[com.google.android.datatransport:transport-runtime:3.1.8] AndroidManifest.xml:28:13-37
260            android:permission="android.permission.BIND_JOB_SERVICE" >